<?xml version="1.0" encoding="UTF-8"?>
<testsuite name="test.DummyTest3" tests="1" skipped="0" failures="0" errors="0" timestamp="2016-04-07T21:27:57" hostname="qf-evariant.local" time="2.003">
  <properties/>
  <testcase name="dummyTest3" classname="test.DummyTest3" time="2.003"/>
  <system-out><![CDATA[How's it going Mike?
]]></system-out>
  <system-err><![CDATA[]]></system-err>
</testsuite>
