<?xml version="1.0" encoding="UTF-8"?>
<testsuite name="test.DummyTest" tests="8" skipped="0" failures="0" errors="0" timestamp="2016-04-07T18:56:40" hostname="qf-evariant.local" time="17.029">
  <properties/>
  <testcase name="dummyTest1" classname="test.DummyTest" time="2.005"/>
  <testcase name="dummyTest2" classname="test.DummyTest" time="2.004"/>
  <testcase name="dummyTest3" classname="test.DummyTest" time="2.001"/>
  <testcase name="dummyTest4" classname="test.DummyTest" time="3.002"/>
  <testcase name="dummyTest5" classname="test.DummyTest" time="2.003"/>
  <testcase name="dummyTest6" classname="test.DummyTest" time="2.005"/>
  <testcase name="dummyTest7" classname="test.DummyTest" time="2.004"/>
  <testcase name="dummyTest8" classname="test.DummyTest" time="2.004"/>
  <system-out><![CDATA[Hi Mike
What's up Mike?
How's it going Mike?
Lunch was good, Mike
I've had better though, Mike
I hope you're enjoying this Mike
I enjoyed making these tests Mike
Bye Mike
]]></system-out>
  <system-err><![CDATA[]]></system-err>
</testsuite>
