<?xml version="1.0" encoding="UTF-8"?>
<testsuite name="test.DummyTest2" tests="1" skipped="0" failures="0" errors="0" timestamp="2016-04-07T21:27:57" hostname="qf-evariant.local" time="2.002">
  <properties/>
  <testcase name="dummyTest2" classname="test.DummyTest2" time="2.002"/>
  <system-out><![CDATA[What's up Mike?
]]></system-out>
  <system-err><![CDATA[]]></system-err>
</testsuite>
