<?xml version="1.0" encoding="UTF-8"?>
<testsuite name="test.DummyTest6" tests="1" skipped="0" failures="0" errors="0" timestamp="2016-04-07T21:27:57" hostname="qf-evariant.local" time="2.006">
  <properties/>
  <testcase name="dummyTest6" classname="test.DummyTest6" time="2.006"/>
  <system-out><![CDATA[I hope you're enjoying this Mike
]]></system-out>
  <system-err><![CDATA[]]></system-err>
</testsuite>
